Starting Single Run, Sweeps and Corners...

Current time: Tue Jan 14 23:56:22 2020 
Best design point: 1
Design specs: 
	EXERCISE1:S7_BLOCK_TB:1	corner	C0_0 - 
	EXERCISE1:S7_BLOCK_TB:1	corner	C0_1 - 
	EXERCISE1:S7_BLOCK_TB:1	corner	C0_2 - 
	EXERCISE1:S7_BLOCK_TB:1	corner	C0_3 - 
	EXERCISE1:S7_BLOCK_TB:1	corner	C0_4 - 
	EXERCISE1:S7_BLOCK_TB:1	corner	C0_5 - 
	EXERCISE1:S7_BLOCK_TB:1	corner	C0_6 - 
	EXERCISE1:S7_BLOCK_TB:1	corner	C0_7 - 
	EXERCISE1:S7_BLOCK_TB:1	corner	C0_8 - 
	EXERCISE1:S7_BLOCK_TB:1	corner	C0_9 - 
	EXERCISE1:S7_BLOCK_TB:1	corner	C0_10 - 
	EXERCISE1:S7_BLOCK_TB:1	corner	C0_11 - 
	EXERCISE1:S7_BLOCK_TB:1	corner	C0_12 - 
	EXERCISE1:S7_BLOCK_TB:1	corner	C0_13 - 
	EXERCISE1:S7_BLOCK_TB:1	corner	C0_14 - 
	EXERCISE1:S7_BLOCK_TB:1	corner	C0_15 - 
	EXERCISE1:S7_BLOCK_TB:1	corner	C0_16 - 
	EXERCISE1:S7_BLOCK_TB:1	corner	C0_17 - 
	EXERCISE1:S7_BLOCK_TB:1	corner	C0_18 - 
	EXERCISE1:S7_BLOCK_TB:1	corner	C0_19 - 
	EXERCISE1:S7_BLOCK_TB:1	corner	C0_20 - 
	EXERCISE1:S7_BLOCK_TB:1	corner	C0_21 - 
	EXERCISE1:S7_BLOCK_TB:1	corner	C0_22 - 
	EXERCISE1:S7_BLOCK_TB:1	corner	C0_23 - 
	EXERCISE1:S7_BLOCK_TB:1	corner	C0_24 - 
	EXERCISE1:S7_BLOCK_TB:1	corner	C0_25 - 
	EXERCISE1:S7_BLOCK_TB:1	corner	C0_26 - 
	EXERCISE1:S7_BLOCK_TB:1	corner	C0_27 - 
	EXERCISE1:S7_BLOCK_TB:1	corner	C0_28 - 
	EXERCISE1:S7_BLOCK_TB:1	corner	C0_29 - 
	EXERCISE1:S7_BLOCK_TB:1	corner	C0_30 - 
	EXERCISE1:S7_BLOCK_TB:1	corner	C0_31 - 
	EXERCISE1:S7_BLOCK_TB:1	corner	C0_32 - 
	EXERCISE1:S7_BLOCK_TB:1	corner	C0_33 - 
	EXERCISE1:S7_BLOCK_TB:1	corner	C0_34 - 
	EXERCISE1:S7_BLOCK_TB:1	corner	C0_35 - 
	EXERCISE1:S7_BLOCK_TB:1	corner	C0_36 - 
	EXERCISE1:S7_BLOCK_TB:1	corner	C0_37 - 
	EXERCISE1:S7_BLOCK_TB:1	corner	C0_38 - 
	EXERCISE1:S7_BLOCK_TB:1	corner	C0_39 - 
	EXERCISE1:S7_BLOCK_TB:1	corner	C0_40 - 
	EXERCISE1:S7_BLOCK_TB:1	corner	C0_41 - 
	EXERCISE1:S7_BLOCK_TB:1	corner	C0_42 - 
	EXERCISE1:S7_BLOCK_TB:1	corner	C0_43 - 
	EXERCISE1:S7_BLOCK_TB:1	corner	C0_44 - 
	EXERCISE1:S7_BLOCK_TB:1	corner	C0_45 - 
	EXERCISE1:S7_BLOCK_TB:1	corner	C0_46 - 
	EXERCISE1:S7_BLOCK_TB:1	corner	C0_47 - 
	EXERCISE1:S7_BLOCK_TB:1	corner	C0_48 - 
	EXERCISE1:S7_BLOCK_TB:1	corner	C0_49 - 
	EXERCISE1:S7_BLOCK_TB:1	corner	C0_50 - 
	EXERCISE1:S7_BLOCK_TB:1	corner	C0_51 - 
	EXERCISE1:S7_BLOCK_TB:1	corner	C0_52 - 
	EXERCISE1:S7_BLOCK_TB:1	corner	C0_53 - 
	EXERCISE1:S7_BLOCK_TB:1	corner	C0_54 - 
	EXERCISE1:S7_BLOCK_TB:1	corner	C0_55 - 
	EXERCISE1:S7_BLOCK_TB:1	corner	C0_56 - 
	EXERCISE1:S7_BLOCK_TB:1	corner	C0_57 - 
	EXERCISE1:S7_BLOCK_TB:1	corner	C0_58 - 
	EXERCISE1:S7_BLOCK_TB:1	corner	C0_59 - 
	EXERCISE1:S7_BLOCK_TB:1	corner	C0_60 - 
	EXERCISE1:S7_BLOCK_TB:1	corner	C0_61 - 
	EXERCISE1:S7_BLOCK_TB:1	corner	C0_62 - 
	EXERCISE1:S7_BLOCK_TB:1	corner	C0_63 - 
	EXERCISE1:S7_BLOCK_TB:1	corner	Nominal - 
Design parameters: 
	FREQ1		0
	FREQ2		0
	IN_AC		0
	IN_AM1		0
	IN_AM2		0
	IPULSE		0
	VD		1.8
	VD_AC		0

Interactive.6
Number of points completed: 1
Number of simulation errors: 0
Interactive.6 completed. 
Current time: Tue Jan 14 23:56:31 2020 
