Starting Monte Carlo Sampling...

Current time: Wed Jan 15 00:27:35 2020 

Variation: All
Sampling Method: Low-Discrepancy Sequence
Seed: 

MonteCarlo.3
Number of points completed: 200
Number of simulation errors: 0
MonteCarlo.3 completed. 
Current time: Wed Jan 15 00:28:29 2020 
Monte Carlo Sampling yield summary:
Number of spec values are in this yield data: 3
EXERCISE1:S7_BLOCK_TB:1:1	Nominal - 
	cross(dB20(IF("/IPRB0/PLUS")) "45" 1 "either" nil nil nil):	Yield	100%
		Min 3.43245e+07	Max 3.98352e+07	Mean 3.71359e+07	Number of errors 0
EXERCISE1:S7_BLOCK_TB:1:1	Nominal - 
	dB20(IF("/IPRB0/PLUS")):	Yield	0%
		Min 0	Max 0	Mean 0	Number of errors 0
EXERCISE1:S7_BLOCK_TB:1:1	Nominal - 
	value(dB20(IF("/IPRB0/PLUS")) 100000):	Yield	100%
		Min 48.0043	Max 48.0784	Mean 48.0411	Number of errors 0

EXERCISE1:S7_BLOCK_TB:1:1
	Overall Yield	100%	Number of points passed	200	Total number of points	200

Estimated yield = 100% (200/200), 0 errors
Estimated yield (No opregions) = 100% (200/200)
