*Info*    Exporting services from client ... 

*Info*    Client has finished starting ... 



*Info*    Configuring the session ...

	Library      = EXERCISE1
	Cell         = S7_BLOCK_TB
	View         = schematic
	Simulator    = spectre
	State Path   = $AXL_SETUPDB_DIR/test_states
	State Name   = EXERCISE1:S7_BLOCK_TB:1:2_EXERCISE1:S7_BLOCK_TB:1:2_state_Interactive.20
	Results DB   = /home/saul/projects/test_xfab1/EXERCISE1/S7_BLOCK_TB/adexl/results/data/Interactive.20.rdb
	Results Dir  = /home/saul/Sim/EXERCISE1/S7_BLOCK_TB/adexl/results/data/Interactive.20/1/EXERCISE1:S7_BLOCK_TB:1:2
	Results Loc  = /home/saul/Sim/EXERCISE1/S7_BLOCK_TB/adexl/results/data
	Project Dir  = /home/saul/projects/test_xfab1/Sim
	Setup DB loc = /home/saul/projects/test_xfab1/EXERCISE1/S7_BLOCK_TB/adexl
	File Encoding = 0


variable oasisVariableValue redefined
variable persistNewList redefined

*Info*    The auto suspension is disabled.






*Info*    Run start for Point ID (7 1) on testbench [
          EXERCISE1:S7_BLOCK_TB:1:2 ].

Resetting statistical vars

*Info*    Setting parameter values ...

Setting var FREQ1 = "0"
Setting var FREQ2 = "0"
Setting var IN_AC = "1"
Setting var IN_AM1 = "0"
Setting var IN_AM2 = "0"
Setting var IPULSE = "0"
Setting var IPULSE_BIAS = "0"
Setting var VD = "1.8"
Setting var VD_AC = "0"
Setting var VD_PULSE = "0"
Setting temp(T) = 27

*Info*    Netlist Directory =
          /home/saul/Sim/EXERCISE1/S7_BLOCK_TB/adexl/results/data/Interactive.20/1/EXERCISE1:S7_BLOCK_TB:1:2/netlist


*Info*    Data Directory    =
          /home/saul/Sim/EXERCISE1/S7_BLOCK_TB/adexl/results/data/Interactive.20/1/EXERCISE1:S7_BLOCK_TB:1:2


*Info*    Creating Netlist for Point ID (7 1)

generate netlist...
function ansCdlCompPrim redefined
function ansCdlCompPrim redefined
Initializing the control file using cp:
    cp /pkg/cadence/installs/IC618/tools.lnx86/dfII/etc/si/control.spectre /home/saul/Sim/EXERCISE1/S7_BLOCK_TB/adexl/results/data/Interactive.20/1/EXERCISE1:S7_BLOCK_TB:1:2/netlist/control
Copying Spectre source file 'spectre.inp'
Copying Spectre command file 'spectre.sim'
Begin Incremental Netlisting Jan 17 09:05:17 2020
End netlisting Jan 17 09:05:17 2020

Netlisting Statistics:
	Number of components:   59

	Elapsed time:          0.0s
Errors: 0	Warnings: 0
      ...successful.
compose simulator input file...
      ...successful.

*Info*    Running simulation on testbench [ EXERCISE1:S7_BLOCK_TB:1:2
          ] for Point ID (7 1).

Delete psf data in /home/saul/Sim/EXERCISE1/S7_BLOCK_TB/adexl/results/data/Interactive.20/1/EXERCISE1:S7_BLOCK_TB:1:2/psf.
compose simulator input file...
      ...successful.
start simulator if needed...
      ...successful.
simulate...
To view the simulator output, right-click on the test name, result 
name, or any value in the "Results" tab of the Outputs section and 
choose "Output Log" menu option.
INFO (ADE-3071): Simulation completed successfully.
reading simulation data...
      ...successful.
*Info*    Client has finished evaluating ... 

WARNING (OCN-6038): Results noise are not available for /home/saul/Sim/EXERCISE1/S7_BLOCK_TB/adexl/results/data/Interactive.20/1/EXERCISE1:S7_BLOCK_TB:1:2. Use results() for a list of available results.
WARNING (OCN-6038): Results noise are not available for /home/saul/Sim/EXERCISE1/S7_BLOCK_TB/adexl/results/data/Interactive.20/1/EXERCISE1:S7_BLOCK_TB:1:2. Use results() for a list of available results.
ERROR (ADEXL-2709): Evaluation of output 'input noise; A / sqrt(Hz)' returned 'nil' for point:'1' test:'EXERCISE1:S7_BLOCK_TB:1:2'
	Expression:'getData("in" ?result "noise")'.
Ensure that the definition of output is correct.

WARNING (OCN-6038): Results ac are not available for /home/saul/Sim/EXERCISE1/S7_BLOCK_TB/adexl/results/data/Interactive.20/1/EXERCISE1:S7_BLOCK_TB:1:2/psf. Use results() for a list of available results.
ERROR (ADEXL-2709): Evaluation of output 'dB20(IF("/IPRB0/PLUS"))' returned 'nil' for point:'1' test:'EXERCISE1:S7_BLOCK_TB:1:2'
	Expression:'dB20(IF("/IPRB0/PLUS"))'.
Ensure that the definition of output is correct.


*Info*    Run complete for Point ID (7 1) on testbench [
          EXERCISE1:S7_BLOCK_TB:1:2 ].





Simulation design variables differ from those on the cellView,
they have been saved in the file "/tmp/saved-design-variables".
To save future changes, copy variables to cellView before exiting.
