*Info*    Exporting services from client ... 

*Info*    Client has finished starting ... 



*Info*    Configuring the session ...

	Library      = EXERCISE1
	Cell         = S7_BLOCK_TB
	View         = schematic
	Simulator    = spectre
	State Path   = $AXL_SETUPDB_DIR/test_states
	State Name   = EXERCISE1:S7_BLOCK_TB:1_none_Interactive.10
	Results DB   = /home/saul/projects/test_xfab1/EXERCISE1/S7_BLOCK_TB/adexl/results/data/Interactive.10.rdb
	Results Dir  = /home/saul/Sim/EXERCISE1/S7_BLOCK_TB/adexl/results/data/Interactive.10/1/EXERCISE1:S7_BLOCK_TB:1
	Results Loc  = /home/saul/Sim/EXERCISE1/S7_BLOCK_TB/adexl/results/data
	Project Dir  = /home/saul/projects/test_xfab1/Sim
	Setup DB loc = /home/saul/projects/test_xfab1/EXERCISE1/S7_BLOCK_TB/adexl
	File Encoding = 0


variable oasisVariableValue redefined
variable persistNewList redefined

*Info*    The auto suspension is disabled.






*Info*    Run start for Point ID (13 1) on testbench [
          EXERCISE1:S7_BLOCK_TB:1 ].

Resetting statistical vars

*Info*    Setting parameter values ...

Setting var FREQ1 = "0"
Setting var FREQ2 = "0"
Setting var IN_AC = "1"
Setting var IN_AM1 = "0"
Setting var IN_AM2 = "0"
Setting var IPULSE = "0"
Setting var IPULSE_BIAS = "0"
Setting var VD = "1.8"
Setting var VD_AC = "0"
Setting var VD_PULSE = "0"
Setting temp(T) = 27

*Info*    Netlist Directory =
          /home/saul/Sim/EXERCISE1/S7_BLOCK_TB/adexl/results/data/Interactive.10/1/EXERCISE1:S7_BLOCK_TB:1/netlist


*Info*    Data Directory    =
          /home/saul/Sim/EXERCISE1/S7_BLOCK_TB/adexl/results/data/Interactive.10/1/EXERCISE1:S7_BLOCK_TB:1


*Info*    Creating Netlist for Point ID (13 1)

generate netlist...
function ansCdlCompPrim redefined
function ansCdlCompPrim redefined
Begin Incremental Netlisting Jan 15 00:22:50 2020
End netlisting Jan 15 00:22:50 2020

	The netlist is up to date.
	Time taken to compare the design with netlist:   0.0s
      ...successful.
compose simulator input file...
      ...successful.

*Info*    Running simulation on testbench [ EXERCISE1:S7_BLOCK_TB:1 ]
          for Point ID (13 1).

Delete psf data in /home/saul/Sim/EXERCISE1/S7_BLOCK_TB/adexl/results/data/Interactive.10/1/EXERCISE1:S7_BLOCK_TB:1/psf.
compose simulator input file...
      ...successful.
start simulator if needed...
      ...successful.
simulate...
To view the simulator output, right-click on the test name, result 
name, or any value in the "Results" tab of the Outputs section and 
choose "Output Log" menu option.
INFO (ADE-3071): Simulation completed successfully.
reading simulation data...
      ...successful.
*Info*    Client has finished evaluating ... 


*Info*    Run complete for Point ID (13 1) on testbench [
          EXERCISE1:S7_BLOCK_TB:1 ].





Simulation design variables differ from those on the cellView,
they have been saved in the file "/tmp/saved-design-variables".
To save future changes, copy variables to cellView before exiting.
