*Info*    Exporting services from client ... 

*Info*    Client has finished starting ... 



*Info*    Configuring the session ...

	Library      = CHARACTERIZATION
	Cell         = GMID_NMOS_L
	View         = schematic
	Simulator    = spectre
	State Path   = $AXL_SETUPDB_DIR/test_states
	State Name   = CHARACTERIZATION:GMID_NMOS_L:1_none_Interactive.0
	Results DB   = /home/saul/projects/test_xfab1/CHARACTERIZATION/GMID_NMOS_L/adexl/results/data/Interactive.0.rdb
	Results Dir  = /home/saul/Sim/CHARACTERIZATION/GMID_NMOS_L/adexl/results/data/Interactive.0/1/CHARACTERIZATION:GMID_NMOS_L:1
	Results Loc  = /home/saul/Sim/CHARACTERIZATION/GMID_NMOS_L/adexl/results/data
	Project Dir  = /home/saul/Sim/
	Setup DB loc = /home/saul/projects/test_xfab1/CHARACTERIZATION/GMID_NMOS_L/adexl
	File Encoding = 0



*Info*    The auto suspension is disabled.






*Info*    Run start for Point ID (0 1) on testbench [
          CHARACTERIZATION:GMID_NMOS_L:1 ].

Resetting statistical vars

*Info*    Setting parameter values ...

Setting var IDS1 = "0.5"
Setting var L1 = "250n"
Setting var NF1 = "10u"
Setting var VDS1 = "0.5"
Setting var WF1 = "10u"
Setting temp(T) = 27

*Info*    Netlist Directory =
          /home/saul/Sim/CHARACTERIZATION/GMID_NMOS_L/adexl/results/data/Interactive.0/1/CHARACTERIZATION:GMID_NMOS_L:1/netlist


*Info*    Data Directory    =
          /home/saul/Sim/CHARACTERIZATION/GMID_NMOS_L/adexl/results/data/Interactive.0/1/CHARACTERIZATION:GMID_NMOS_L:1


*Info*    Creating Netlist for Point ID (0 1)

generate netlist...
function ansCdlCompPrim redefined
function ansCdlCompPrim redefined
Initializing the control file using cp:
    cp /pkg/cadence/installs/IC618/tools.lnx86/dfII/etc/si/control.spectre /home/saul/Sim/CHARACTERIZATION/GMID_NMOS_L/adexl/results/data/Interactive.0/1/CHARACTERIZATION:GMID_NMOS_L:1/netlist/control
Copying Spectre source file 'spectre.inp'
Copying Spectre command file 'spectre.sim'
Begin Incremental Netlisting Jan 15 07:12:04 2020
End netlisting Jan 15 07:12:04 2020

Netlisting Statistics:
	Number of components:    5

	Elapsed time:          0.0s
Errors: 0	Warnings: 0
      ...successful.
compose simulator input file...
      ...successful.

*Info*    Running simulation on testbench [
          CHARACTERIZATION:GMID_NMOS_L:1 ] for Point ID (0 1).

Delete psf data in /home/saul/Sim/CHARACTERIZATION/GMID_NMOS_L/adexl/results/data/Interactive.0/1/CHARACTERIZATION:GMID_NMOS_L:1/psf.
compose simulator input file...
      ...successful.
start simulator if needed...
      ...successful.
simulate...
To view the simulator output, right-click on the test name, result 
name, or any value in the "Results" tab of the Outputs section and 
choose "Output Log" menu option.
INFO (ADE-3067): Errors encountered during simulation. For more information, right-click
        on a test name in the 'Results' tab of the Outputs pane and choose 'Output Log'
        to view the simulation run log.
reading simulation data...
      ...successful.

*Error*   Error ID  = 5011
*Error*   Error Msg = Simulator failed to complete the simulation.

          Error found by spectre during DC analysis `dcOp'.
Error
          found by spectre during DC analysis `dcOp'.
ERROR
          (SPECTRE-16080): No DC solution found (no convergence). 
          
Error found by spectre during DC analysis, during info
          `dcOpInfo'.
Error found by spectre during DC analysis,
          during info `dcOpInfo'.
ERROR (SPECTRE-16041): Analysis was
          skipped due to inability to compute operating point.





*Info*    Client has finished evaluating ... 


*Info*    Run complete for Point ID (0 1) on testbench [
          CHARACTERIZATION:GMID_NMOS_L:1 ].





Simulation design variables differ from those on the cellView,
they have been saved in the file "/tmp/saved-design-variables".
To save future changes, copy variables to cellView before exiting.
