*Info*    Exporting services from client ... 

*Info*    Client has finished starting ... 



*Info*    Configuring the session ...

	Library      = CHARACTERIZATION
	Cell         = GMID_NMOS_L
	View         = schematic
	Simulator    = spectre
	State Path   = $AXL_SETUPDB_DIR/test_states
	State Name   = CHARACTERIZATION:GMID_NMOS_L:1_none_Interactive.3
	Results DB   = /home/saul/projects/test_xfab1/CHARACTERIZATION/GMID_NMOS_L/adexl/results/data/Interactive.3.rdb
	Results Dir  = /home/saul/Sim/CHARACTERIZATION/GMID_NMOS_L/adexl/results/data/Interactive.3/1/CHARACTERIZATION:GMID_NMOS_L:1
	Results Loc  = /home/saul/Sim/CHARACTERIZATION/GMID_NMOS_L/adexl/results/data
	Project Dir  = /home/saul/Sim/
	Setup DB loc = /home/saul/projects/test_xfab1/CHARACTERIZATION/GMID_NMOS_L/adexl
	File Encoding = 0


variable oasisVariableValue redefined
variable persistNewList redefined

*Info*    The auto suspension is disabled.






*Info*    Run start for Point ID (3 1) on testbench [
          CHARACTERIZATION:GMID_NMOS_L:1 ].

Resetting statistical vars

*Info*    Setting parameter values ...

Setting var IDS1 = "0.5"
Setting var L1 = "250n"
Setting var NF1 = "10u"
Setting var VDS1 = "0.5"
Setting var WF1 = "10u"
Setting temp(T) = 27

*Info*    Netlist Directory =
          /home/saul/Sim/CHARACTERIZATION/GMID_NMOS_L/adexl/results/data/Interactive.3/1/CHARACTERIZATION:GMID_NMOS_L:1/netlist


*Info*    Data Directory    =
          /home/saul/Sim/CHARACTERIZATION/GMID_NMOS_L/adexl/results/data/Interactive.3/1/CHARACTERIZATION:GMID_NMOS_L:1


*Info*    Creating Netlist for Point ID (3 1)

generate netlist...
function ansCdlCompPrim redefined
function ansCdlCompPrim redefined
Begin Incremental Netlisting Jan 15 07:34:37 2020
End netlisting Jan 15 07:34:37 2020

	The netlist is up to date.
	Time taken to compare the design with netlist:   0.0s
      ...successful.
compose simulator input file...
      ...successful.

*Info*    Running simulation on testbench [
          CHARACTERIZATION:GMID_NMOS_L:1 ] for Point ID (3 1).

Delete psf data in /home/saul/Sim/CHARACTERIZATION/GMID_NMOS_L/adexl/results/data/Interactive.3/1/CHARACTERIZATION:GMID_NMOS_L:1/psf.
compose simulator input file...
      ...successful.
start simulator if needed...
      ...successful.
simulate...
To view the simulator output, right-click on the test name, result 
name, or any value in the "Results" tab of the Outputs section and 
choose "Output Log" menu option.
INFO (ADE-3067): Errors encountered during simulation. For more information, right-click
        on a test name in the 'Results' tab of the Outputs pane and choose 'Output Log'
        to view the simulation run log.
reading simulation data...
      ...successful.

*Error*   Error ID  = 5011
*Error*   Error Msg = Simulator failed to complete the simulation.

          Error found by spectre during DC analysis `dcOp'.
Error
          found by spectre during DC analysis `dcOp'.
ERROR
          (SPECTRE-16080): No DC solution found (no convergence). 
          
Error found by spectre during DC analysis, during info
          `dcOpInfo'.
Error found by spectre during DC analysis,
          during info `dcOpInfo'.
ERROR (SPECTRE-16041): Analysis was
          skipped due to inability to compute operating point.
Error
          found by spectre at IDS1 = 100e-09 during DC analysis
          `dc'.
Error found by spectre at IDS1 = 100e-09 during DC
          analysis `dc'.
ERROR (SPECTRE-16080): No DC solution found
          (no convergence).  





*Info*    Client has finished evaluating ... 

ERROR (ADEXL-2709): Evaluation of output 'OS("/I0/M0" "gm")' returned 'nil' for point:'1' test:'CHARACTERIZATION:GMID_NMOS_L:1'
	Expression:'OS("/I0/M0" "gm")'.
Ensure that the definition of output is correct.

ERROR (ADEXL-2708): Evaluation of output '(OS("/I0/M0" "gm") / OS("/I0/M0" "id"))' failed for point:'1' test:'CHARACTERIZATION:GMID_NMOS_L:1'
	Expression:'(OS("/I0/M0" "gm") / OS("/I0/M0" "id"))'
	because of the following error(s)
	*Error* quotient: can't handle (nil / nil).
Ensure that the definition of output is correct.


*Info*    Run complete for Point ID (3 1) on testbench [
          CHARACTERIZATION:GMID_NMOS_L:1 ].





Simulation design variables differ from those on the cellView,
they have been saved in the file "/tmp/saved-design-variables".
To save future changes, copy variables to cellView before exiting.
