\# Program start time:     UTC 2019.12.10 06:59:16.424
\# Local time: CET (UTC+01:00) 2019.12.10 07:59:16.424
\o Program:		@(#)$CDS: virtuoso version 6.1.8-64b 10/08/2019 20:07 (sjfhw316) $
\o Hierarchy:		/pkg/cadence/installs/IC618/tools.lnx86/dfII/
\o Sub version:		sub-version  IC6.1.8-64b.500.7  (64-bit addresses)
\# Command line:	/pkg/cadence/installs/IC618/tools.lnx86/dfII/bin/64bit/virtuoso -noautostart -mpssession virtuoso5774 -mpshost s2424 -davinciService DaVinciService_5774_1575956000 -log /home/saul/projects/test_xfab1/logs_saul/logs0/Job48.log -licenseLockFileName /home/saul/projects/test_xfab1/.tmp_saul/.s2424_5774 -interactiveA -interactiveE -interactiveRTT -nostdin -nograph -axlChildIdFlag 48
\# Host name (type):	s2424 (x86_64)
\# Operating system:	Linux 3.10.0-1062.4.3.el7.x86_64 #1 SMP Wed Nov 13 23:58:53 UTC 2019
\# Linux /etc/issue:	\S
\# Linux /etc/issue:	Kernel \r on an \m
\# X display name (WxH):	:95 (1024x868)
\# Available geometry:			TL(0:0) BR(1023:867)
\# X server:			RealVNC Ltd (VNC nograph server, PID 30023)
\# Depth of Visual (Root):	16 (16)
\# Number of Planes Used:	16
\# X version:		11.0 (vendor release 3370)
\# X resource pool:	base 0x1000000, mask 0x3fffff (4194303), shift 0
\# 			current id 0x0, current max 0x3ffffa (4194298)
\# Max data seg size:	     unlimited
\# Max process size:	     unlimited
\# Initial sbrk value:	        532 MB
\# Available memory:	     35,844 MB
\# System memory:	     96,361 MB
\# Maximum memory size:	     95,986 MB
\# Max mem available:	     36,001 MB
\# Initial memory used:	        157 MB
\#        process size:	      1,378 MB
\# Thread usage limits (effective/default):	maxthreads 4096/4096 maxload 32.00/32.00
\# Qt version:		5.9.1
\# Window Manager:	other
\# User Name:		saul
\o Working Directory:	s2424:/home/saul/projects/test_xfab1
\# Process Id:		30221
\o 
\o COPYRIGHT (C) 1992-2019  CADENCE DESIGN SYSTEMS INC.  ALL RIGHTS RESERVED.
\o           (C) 1992-2019  UNIX SYSTEMS Laboratories INC.,
\o                          Reproduced with permission.
\o 
\o This Cadence Design Systems program and online documentation are
\o proprietary/confidential information and may be disclosed/used only
\o as authorized in a license agreement controlling such use and disclosure.
\o 
\o           RESTRICTED RIGHTS NOTICE (SHORT FORM)
\o Use/reproduction/disclosure is subject to restriction
\o set forth at FAR 1252.227-19 or its equivalent.
\o Loading geView.cxt 
\o Loading menuBuilder.cxt 
\o Loading schView.cxt 
\o Loading selectSv.cxt 
\o Loading wireEdit.cxt 
\o Loading pte2.cxt 
\o Loading xlUI.cxt 
\o Loading auCore.cxt 
\o Loading vhdl.cxt 
\o Loading seismic.cxt 
\o Loading ci.cxt 
\o Loading layers.cxt 
\o Loading ams.cxt 
\o Loading oasis.cxt 
\o Loading analog.cxt 
\o Loading asimenv.cxt 
\o Loading dal.cxt 
\o Loading awv.cxt 
\o Loading socket.cxt 
\o Loading par.cxt 
\o Loading alvs.cxt 
\o Loading caa.cxt 
\o Loading amps.cxt 
\o Loading adexlCore.cxt 
\# Memory report: using         285 MB, process size 1,584 MB at UTC 2019.12.10 06:59:19.135
\o Loading adexl.cxt 
\o *Info*    Exporting services from client ... 
\o 
\o Loading cli.cxt 
\o Loading cle.cxt 
\o INFO (ELI-00302) Connecting to parent process (session=virtuoso5774, host=s2424). ICRP is turned on. Total timeout is 180 seconds. Connection timeout is 90 seconds.
\o INFO (ELI-00303) Step 1: Connecting to parent. Time spent is 0 seconds.
\o INFO (ELI-00304) The registration of the child 30221 within 90 seconds is being processed...
\o INFO (ELI-00305) The result of registration is true. Time spent is 1 seconds.
\o INFO (ELI-00308) The connection has ended. Result is true. Total time spent is 1 seconds.
\o Loading .cdsinit for the XH018 X-Fab XKit.
\o     LOAD xh018_1151 SPECIFIC CALL-BACK ROUTINES
\o     LOAD ALL AVAILABLE P-CELL FUNCTIONS
\o ** Info: PDK loadpath is "./.xkit/setup/xh018/cadence/PDK"
\o Loading XfPcellCore.cxt
\o Loading XfSktTools.cxt
\o Loading XfTechXh018.cxt
\o nil
\o Initializing library.
\o Finished Initializing Library .
\o     Generic PcellKit: 'production' loaded.
\o     Generic Pcell Skill Tools: 'production' loaded.
\o Loading Circuit Prospector Setup (XfCircuitProspSetup.il)
\o "XfDtbSkill package succesfully loaded."
\o     Generic Dcells Tool Box: 'Dcells_Toolbox_v1.2.0' loaded.
\o     LOAD THE ENVIRONMENT FILE
\o  --> Setting the required PDK definitions...
\o     GDSII LAYER MAPPING FILE = "./.xkit/setup/xh018/cadence/PDK/TECH_XH018_1151/strmInOut.layertable"
\o     GDSII OBJECT MAPPING FILE = "./.xkit/setup/xh018/cadence/PDK/TECH_XH018_1151/strmOutObjects.map"
\o Use model setup from PDK...
\o Loading spectrei.cxt 
\o Loading devCheck.cxt 
\o Loading relXpert.cxt 
\o Loading vdsil.cxt 
\o Loading hspiceD.cxt 
\o Loading spectreinl.cxt 
\o Loading UltraSim.cxt 
\o Loading msgHandler.cxt 
\o Loading AMSOSS.cxt 
\o Loading AMS.cxt 
\# Memory report: using         423 MB, process size 1,715 MB at UTC 2019.12.10 06:59:21.188
\o  --> Finished setting the required PDK definitions
\o  --> Setting the recommended EDA tool defaults...
\o  --> Finished setting the recommended EDA tool defaults
\o     LOAD DEFAULT BINDKEYS
\o Loading viva.cxt 
\o *Info*    Client has finished starting ... 
\o 
\p > 
\a _treeSetOpcGUI(t)
\r t
\o Loading vqp.cxt 
\o Loading simui.cxt 
\o 
\o 
\o *Info*    Configuring the session ...
\o 
\o 	Library      = CHARACTERIZATION
\o 	Cell         = NOISE_PMOS
\o 	View         = schematic
\o 	Netlist  	  = nil
\o 	Simulator    = spectre
\o 	State Path   = $AXL_SETUPDB_DIR/test_states
\o 	State Name   = CHARACTERIZATION:NOISE_PMOS:2_CHARACTERIZATION:NOISE_PMOS:2_Dec_10_07_59_08_2019_Ocean.0
\o 	Results DB   = /home/saul/projects/test_xfab1/CHARACTERIZATION/NOISE_PMOS/adexl/results/data/Ocean.0.rdb
\o 	Setup DB loc = /home/saul/projects/test_xfab1/CHARACTERIZATION/NOISE_PMOS/adexl
\o 
\o 
\o INFO (TECH-150003): The technology database "analogLib" has been automatically
\o updated from revision 226610(DM 0) to revision 227612(DM 3) in virtual memory.
\o 
\o *Info*    The auto suspension is disabled.
\o 
\o Loading monte.cxt 
\o 
\o 
\o 
\o 
\o 
\o *Info*    Run start for Point ID (0 1) on testbench [
\o           CHARACTERIZATION:NOISE_PMOS:2 ].
\o 
\o Resetting statistical vars
\o 
\o *Info*    Setting parameter values ...
\o 
\o Setting var IDS = "1e-6"
\o Setting var L = "180e-9"
\o Setting var NF = "1"
\o Setting var VDS = "0.5"
\o Setting var WF = "10e-6"
\o Setting temp(T) = 27
\o 
\o *Info*    Netlist Directory =
\o           /home/saul/Sim/CHARACTERIZATION/NOISE_PMOS/adexl/results/data/Ocean.0/1/CHARACTERIZATION:NOISE_PMOS:2/netlist
\o 
\o 
\o *Info*    Data Directory    =
\o           /home/saul/Sim/CHARACTERIZATION/NOISE_PMOS/adexl/results/data/Ocean.0/1/CHARACTERIZATION:NOISE_PMOS:2
\o 
\o 
\o *Info*    Creating Netlist for Point ID (0 1)
\o 
\o generate netlist...
\o Loading seCore.cxt 
\o function ansCdlCompPrim redefined
\o function ansCdlCompPrim redefined
\o Initializing the control file using cp:
\o     cp /pkg/cadence/installs/IC618/tools.lnx86/dfII/etc/si/control.spectre /home/saul/Sim/CHARACTERIZATION/NOISE_PMOS/adexl/results/data/Ocean.0/1/CHARACTERIZATION:NOISE_PMOS:2/netlist/control
\o Copying Spectre source file 'spectre.inp'
\o Copying Spectre command file 'spectre.sim'
\o Begin Incremental Netlisting Dec 10 07:59:22 2019
\o End netlisting Dec 10 07:59:22 2019
\o 
\o Netlisting Statistics:
\o 	Number of components:   23
\o 
\o 	Elapsed time:          1.0s (23.00/s)
\o Errors: 0	Warnings: 0
\o       ...successful.
\o compose simulator input file...
\o       ...successful.
\o 
\o *Info*    Running simulation on testbench [
\o           CHARACTERIZATION:NOISE_PMOS:2 ] for Point ID (0 1).
\o 
\o Delete psf data in /home/saul/Sim/CHARACTERIZATION/NOISE_PMOS/adexl/results/data/Ocean.0/1/CHARACTERIZATION:NOISE_PMOS:2/psf.
\o simulate...
\o     LOAD GENERIC "X-KIT" SKILL CONTEXT "./.xkit/setup/x_all/cadence/xenv/skill/context6/xkit.cxt" 
\o  - Menu "XKit Utilities" installed to CIW.
\o     LOAD ".cdsinit_personal" FILE FROM THE WORKING DIRECTORY.
\o  --> LOAD USER CUSTOMIZATION
\o     INFO: To customize this setup, please use the following environment variables:
\o           CUSTOM_SCRIPT_PATH - should point to the master shell or perl script
\o                              e.g.:
\o                              setenv CUSTOM_SCRIPT_PATH /path/to/my/script/LoadMyScripts.csh
\o           CUSTOM_SKILL_PATH - should point to your master skill load file
\o                              e.g.:
\o                              setenv CUSTOM_SKILL_PATH /path/to/my/skill/LoadMySkills.il
\o  --> END OF USER CUSTOMIZATION
\o  -> END LOAD ".cdsinit" FILE
\o 
\o *Error*   Error ID  = 5011
\o *Error*   Error Msg = Simulator failed to complete the simulation.
\o 
\o           Error found by spectre during hierarchy flattening.
\o Error
\o           found by spectre during hierarchy flattening.
\o ERROR
\o           (SFE-1997): "input.scs" 29: M1: parameter `w': Cannot run
\o           the simulation because parameter 'W' has been used but no
\o           value has been assigned to i
\o t. Assign a value to the
\o           parameter and rerun the simulation.
\o ERROR (SFE-1997):
\o           "input.scs" 29: M1: parameter `ad': Cannot run the
\o           simulation because parameter 'W' has been used but no value
\o           has been assigned to 
\o it. Assign a value to the parameter
\o           and rerun the simulation.
\o ERROR (SFE-1997): "input.scs" 29:
\o           M1: parameter `as': Cannot run the simulation because
\o           parameter 'W' has been used but no value has been assigned
\o           to 
\o it. Assign a value to the parameter and rerun the
\o           simulation.
\o ERROR (SFE-1997): "input.scs" 29: M1: parameter
\o           `pd': Cannot run the simulation because parameter 'W' has
\o           been used but no value has been assigned to 
\o it. Assign a
\o           value to the parameter and rerun the simulation.
\o ERROR
\o           (SFE-1997): "input.scs" 29: M1: parameter `ps': Cannot run
\o           the simulation because parameter 'W' has been used but no
\o           value has been assigned to 
\o it. Assign a value to the
\o           parameter and rerun the simulation.
\o ERROR (SFE-1997):
\o           "input.scs" 29: M1: parameter `nrd': Cannot run the
\o           simulation because parameter 'W' has been used but no value
\o           has been assigned to
\o  it. Assign a value to the parameter
\o           and rerun the simulation.
\o ERROR (SFE-1997): "input.scs" 29:
\o           M1: parameter `nrs': Cannot run the simulation because
\o           parameter 'W' has been used but no value has been assigned
\o           to
\o  it. Assign a value to the parameter and rerun the
\o           simulation.
\o ERROR (SFE-1997): "input.scs" 29: M1: parameter
\o           `w': Cannot run the simulation because parameter 'W' has
\o           been used but no value has been assigned to i
\o t. Assign a
\o           value to the parameter and rerun the simulation.
\o ERROR
\o           (SFE-1997): "input.scs" 29: M1: parameter `w': Cannot run
\o           the simulation because parameter 'W' has been used but no
\o           value has been assigned to i
\o t. Assign a value to the
\o           parameter and rerun the simulation.
\o ERROR (SFE-1997):
\o           "input.scs" 34: M0: parameter `w': Cannot run the
\o           simulation because parameter 'W' has been used but no value
\o           has been assigned to i
\o t. Assign a value to the parameter
\o           and rerun the simulation.
\o ERROR (SFE-1997): "input.scs" 34:
\o           M0: parameter `ad': Cannot run the simulation because
\o           parameter 'W' has been used but no value has been assigned
\o           to 
\o it. Assign a value to the parameter and rerun the
\o           simulation.
\o ERROR (SFE-1997): "input.scs" 34: M0: parameter
\o           `as': Cannot run the simulation because parameter 'W' has
\o           been used but no value has been assigned to 
\o it. Assign a
\o           value to the parameter and rerun the simulation.
\o ERROR
\o           (SFE-1997): "input.scs" 34: M0: parameter `pd': Cannot run
\o           the simulation because parameter 'W' has been used but no
\o           value has been assigned to 
\o it. Assign a value to the
\o           parameter and rerun the simulation.
\o 
\o 
\o 
\o 
\o 
\o 
\o 
\o 
\o 
\o 
\o *Info*    Run start for Point ID (0 1) on testbench [
\o           CHARACTERIZATION:NOISE_PMOS:2 ].
\o 
\o Resetting statistical vars
\o 
\o *Info*    Setting parameter values ...
\o 
\o Setting var IDS = "1e-6"
\o Setting var L = "180e-9"
\o Setting var NF = "1"
\o Setting var VDS = "0.5"
\o Setting var WF = "10e-6"
\o Setting temp(T) = 27
\o 
\o *Info*    Netlist Directory =
\o           /home/saul/Sim/CHARACTERIZATION/NOISE_PMOS/adexl/results/data/Ocean.0/1/CHARACTERIZATION:NOISE_PMOS:2/netlist
\o 
\o 
\o *Info*    Data Directory    =
\o           /home/saul/Sim/CHARACTERIZATION/NOISE_PMOS/adexl/results/data/Ocean.0/1/CHARACTERIZATION:NOISE_PMOS:2
\o 
\o 
\o *Info*    Creating Netlist for Point ID (0 1)
\o 
\o generate netlist...
\o function ansCdlCompPrim redefined
\o function ansCdlCompPrim redefined
\o Begin Incremental Netlisting Dec 10 07:59:24 2019
\o End netlisting Dec 10 07:59:24 2019
\o 
\o 	The netlist is up to date.
\o 	Time taken to compare the design with netlist:   0.0s
\o       ...successful.
\o compose simulator input file...
\o       ...successful.
\o 
\o *Info*    Running simulation on testbench [
\o           CHARACTERIZATION:NOISE_PMOS:2 ] for Point ID (0 1).
\o 
\o Delete psf data in /home/saul/Sim/CHARACTERIZATION/NOISE_PMOS/adexl/results/data/Ocean.0/1/CHARACTERIZATION:NOISE_PMOS:2/psf.
\o simulate...
\o 
\o *Error*   Error ID  = 5011
\o *Error*   Error Msg = Simulator failed to complete the simulation.
\o 
\o           Error found by spectre during hierarchy flattening.
\o Error
\o           found by spectre during hierarchy flattening.
\o ERROR
\o           (SFE-1997): "input.scs" 29: M1: parameter `w': Cannot run
\o           the simulation because parameter 'W' has been used but no
\o           value has been assigned to i
\o t. Assign a value to the
\o           parameter and rerun the simulation.
\o ERROR (SFE-1997):
\o           "input.scs" 29: M1: parameter `ad': Cannot run the
\o           simulation because parameter 'W' has been used but no value
\o           has been assigned to 
\o it. Assign a value to the parameter
\o           and rerun the simulation.
\o ERROR (SFE-1997): "input.scs" 29:
\o           M1: parameter `as': Cannot run the simulation because
\o           parameter 'W' has been used but no value has been assigned
\o           to 
\o it. Assign a value to the parameter and rerun the
\o           simulation.
\o ERROR (SFE-1997): "input.scs" 29: M1: parameter
\o           `pd': Cannot run the simulation because parameter 'W' has
\o           been used but no value has been assigned to 
\o it. Assign a
\o           value to the parameter and rerun the simulation.
\o ERROR
\o           (SFE-1997): "input.scs" 29: M1: parameter `ps': Cannot run
\o           the simulation because parameter 'W' has been used but no
\o           value has been assigned to 
\o it. Assign a value to the
\o           parameter and rerun the simulation.
\o ERROR (SFE-1997):
\o           "input.scs" 29: M1: parameter `nrd': Cannot run the
\o           simulation because parameter 'W' has been used but no value
\o           has been assigned to
\o  it. Assign a value to the parameter
\o           and rerun the simulation.
\o ERROR (SFE-1997): "input.scs" 29:
\o           M1: parameter `nrs': Cannot run the simulation because
\o           parameter 'W' has been used but no value has been assigned
\o           to
\o  it. Assign a value to the parameter and rerun the
\o           simulation.
\o ERROR (SFE-1997): "input.scs" 29: M1: parameter
\o           `w': Cannot run the simulation because parameter 'W' has
\o           been used but no value has been assigned to i
\o t. Assign a
\o           value to the parameter and rerun the simulation.
\o ERROR
\o           (SFE-1997): "input.scs" 29: M1: parameter `w': Cannot run
\o           the simulation because parameter 'W' has been used but no
\o           value has been assigned to i
\o t. Assign a value to the
\o           parameter and rerun the simulation.
\o ERROR (SFE-1997):
\o           "input.scs" 34: M0: parameter `w': Cannot run the
\o           simulation because parameter 'W' has been used but no value
\o           has been assigned to i
\o t. Assign a value to the parameter
\o           and rerun the simulation.
\o ERROR (SFE-1997): "input.scs" 34:
\o           M0: parameter `ad': Cannot run the simulation because
\o           parameter 'W' has been used but no value has been assigned
\o           to 
\o it. Assign a value to the parameter and rerun the
\o           simulation.
\o ERROR (SFE-1997): "input.scs" 34: M0: parameter
\o           `as': Cannot run the simulation because parameter 'W' has
\o           been used but no value has been assigned to 
\o it. Assign a
\o           value to the parameter and rerun the simulation.
\o ERROR
\o           (SFE-1997): "input.scs" 34: M0: parameter `pd': Cannot run
\o           the simulation because parameter 'W' has been used but no
\o           value has been assigned to 
\o it. Assign a value to the
\o           parameter and rerun the simulation.
\o 
\o 
\o 
\o 
\o 
\# Memory report: on exit            462 MB, process size 1,778 MB at UTC 2019.12.10 06:59:25.933
\# Memory report: peak usage         462 MB, process size 1,778 MB
