*Info*    Exporting services from client ... 

*Info*    Client has finished starting ... 



*Info*    Configuring the session ...

	Library      = EXERCISE1
	Cell         = S5_STATIC_LIN
	View         = schematic
	Simulator    = spectre
	State Path   = $AXL_SETUPDB_DIR/test_states
	State Name   = EXERCISE1:S5_STATIC_LIN:1_state1_Interactive.2
	Results DB   = /home/saul/projects/test_xfab1/EXERCISE1/S5_STATIC_LIN/adexl/results/data/Interactive.2.rdb
	Results Dir  = /home/saul/Sim/EXERCISE1/S5_STATIC_LIN/adexl/results/data/Interactive.2/1/EXERCISE1:S5_STATIC_LIN:1
	Results Loc  = /home/saul/Sim/EXERCISE1/S5_STATIC_LIN/adexl/results/data
	Project Dir  = /home/saul/Sim/
	Setup DB loc = /home/saul/projects/test_xfab1/EXERCISE1/S5_STATIC_LIN/adexl
	File Encoding = 0


variable oasisVariableValue redefined
variable persistNewList redefined

*Info*    The auto suspension is disabled.






*Info*    Run start for Point ID (1 1) on testbench [
          EXERCISE1:S5_STATIC_LIN:1 ].

Resetting statistical vars

*Info*    Setting parameter values ...

Setting var IS = "1"
Setting var IS_DC = "0"
Setting var R1 = "100k"
Setting var R2 = "400"
Setting temp(T) = 27

*Info*    Netlist Directory =
          /home/saul/Sim/EXERCISE1/S5_STATIC_LIN/adexl/results/data/Interactive.2/1/EXERCISE1:S5_STATIC_LIN:1/netlist


*Info*    Data Directory    =
          /home/saul/Sim/EXERCISE1/S5_STATIC_LIN/adexl/results/data/Interactive.2/1/EXERCISE1:S5_STATIC_LIN:1


*Info*    Creating Netlist for Point ID (1 1)

generate netlist...
function ansCdlCompPrim redefined
function ansCdlCompPrim redefined
Begin Incremental Netlisting Jan 15 13:48:29 2020
End netlisting Jan 15 13:48:29 2020

Netlisting Statistics:
	Number of components:   24

	Elapsed time:          0.0s
Errors: 0	Warnings: 0
      ...successful.
compose simulator input file...
      ...successful.

*Info*    Running simulation on testbench [ EXERCISE1:S5_STATIC_LIN:1
          ] for Point ID (1 1).

Delete psf data in /home/saul/Sim/EXERCISE1/S5_STATIC_LIN/adexl/results/data/Interactive.2/1/EXERCISE1:S5_STATIC_LIN:1/psf.
compose simulator input file...
      ...successful.
start simulator if needed...
      ...successful.
simulate...
To view the simulator output, right-click on the test name, result 
name, or any value in the "Results" tab of the Outputs section and 
choose "Output Log" menu option.
INFO (ADE-3071): Simulation completed successfully.
reading simulation data...
      ...successful.
*Info*    Client has finished evaluating ... 

WARNING (OCN-6038): Results noise are not available for /home/saul/Sim/EXERCISE1/S5_STATIC_LIN/adexl/results/data/Interactive.2/1/EXERCISE1:S5_STATIC_LIN:1. Use results() for a list of available results.
WARNING (OCN-6038): Results noise are not available for /home/saul/Sim/EXERCISE1/S5_STATIC_LIN/adexl/results/data/Interactive.2/1/EXERCISE1:S5_STATIC_LIN:1. Use results() for a list of available results.
ERROR (ADEXL-2709): Evaluation of output 'input noise; A / sqrt(Hz)' returned 'nil' for point:'1' test:'EXERCISE1:S5_STATIC_LIN:1'
	Expression:'getData("in" ?result "noise")'.
Ensure that the definition of output is correct.

WARNING (OCN-6038): Results pz are not available for /home/saul/Sim/EXERCISE1/S5_STATIC_LIN/adexl/results/data/Interactive.2/1/EXERCISE1:S5_STATIC_LIN:1. Use results() for a list of available results.
WARNING (OCN-6038): Results pz are not available for /home/saul/Sim/EXERCISE1/S5_STATIC_LIN/adexl/results/data/Interactive.2/1/EXERCISE1:S5_STATIC_LIN:1. Use results() for a list of available results.
ERROR (ADEXL-2709): Evaluation of output 'Zeros' returned 'nil' for point:'1' test:'EXERCISE1:S5_STATIC_LIN:1'
	Expression:'pzFrequencyAndRealFilter(getData("zeros" ?result "pz"))'.
Ensure that the definition of output is correct.

WARNING (OCN-6038): Results pz are not available for /home/saul/Sim/EXERCISE1/S5_STATIC_LIN/adexl/results/data/Interactive.2/1/EXERCISE1:S5_STATIC_LIN:1. Use results() for a list of available results.
WARNING (OCN-6038): Results pz are not available for /home/saul/Sim/EXERCISE1/S5_STATIC_LIN/adexl/results/data/Interactive.2/1/EXERCISE1:S5_STATIC_LIN:1. Use results() for a list of available results.
ERROR (ADEXL-2709): Evaluation of output 'Poles' returned 'nil' for point:'1' test:'EXERCISE1:S5_STATIC_LIN:1'
	Expression:'pzFrequencyAndRealFilter(getData("poles" ?result "pz"))'.
Ensure that the definition of output is correct.

ERROR (ADEXL-2709): Evaluation of output 'deriv(IS("/IPRB0/MINUS"))' returned 'nil' for point:'1' test:'EXERCISE1:S5_STATIC_LIN:1'
	Expression:'deriv(IS("/IPRB0/MINUS"))'.
Ensure that the definition of output is correct.


*Info*    Run complete for Point ID (1 1) on testbench [
          EXERCISE1:S5_STATIC_LIN:1 ].





Simulation design variables differ from those on the cellView,
they have been saved in the file "/tmp/saved-design-variables".
To save future changes, copy variables to cellView before exiting.
