*Info*    Exporting services from client ... 

*Info*    Client has finished starting ... 



*Info*    Configuring the session ...

	Library      = EXERCISE1
	Cell         = S7_BLOCK_TB
	View         = schematic
	Simulator    = spectre
	State Path   = $AXL_SETUPDB_DIR/test_states
	State Name   = EXERCISE1:S7_BLOCK_TB:1:1_EXERCISE1:S7_BLOCK_TB:1:1_state_Interactive.44
	Results DB   = /home/saul/projects/test_xfab1/EXERCISE1/S7_BLOCK_TB/adexl/results/data/Interactive.44.rdb
	Results Dir  = /home/saul/Sim/EXERCISE1/S7_BLOCK_TB/adexl/results/data/Interactive.44/1/EXERCISE1:S7_BLOCK_TB:1:1
	Results Loc  = /home/saul/Sim/EXERCISE1/S7_BLOCK_TB/adexl/results/data
	Project Dir  = /home/saul/projects/test_xfab1/Sim
	Setup DB loc = /home/saul/projects/test_xfab1/EXERCISE1/S7_BLOCK_TB/adexl
	File Encoding = 0


variable oasisVariableValue redefined
variable persistNewList redefined

*Info*    The auto suspension is disabled.






*Info*    Run start for Point ID (0 1) on testbench [
          EXERCISE1:S7_BLOCK_TB:1:1 ].

Resetting statistical vars

*Info*    Setting parameter values ...

Setting var FREQ1 = "0"
Setting var FREQ2 = "0"
Setting var IN_AC = "1"
Setting var IN_AM1 = "0"
Setting var IN_AM2 = "0"
Setting var IPULSE = "0"
Setting var VD = "1.8"
Setting var VD_AC = "0"
Setting var VD_PULSE = "-1.8"
Setting temp(T) = 27

*Info*    Netlist Directory =
          /home/saul/Sim/EXERCISE1/S7_BLOCK_TB/adexl/results/data/Interactive.44/1/EXERCISE1:S7_BLOCK_TB:1:1/netlist


*Info*    Data Directory    =
          /home/saul/Sim/EXERCISE1/S7_BLOCK_TB/adexl/results/data/Interactive.44/1/EXERCISE1:S7_BLOCK_TB:1:1


*Info*    Creating Netlist for Point ID (0 1)

generate netlist...
function ansCdlCompPrim redefined
function ansCdlCompPrim redefined
Begin Incremental Netlisting Jan 14 23:44:31 2020
ERROR (OSSHNL-109): The cellview 'EXERCISE1/S7_BLOCK/schematic' has been modified since the last extraction. Validate
that the schematic is correct and run Check and Save to correct this error.

End netlisting Jan 14 23:44:31 2020
ERROR (OSSHNL-514): Netlist generation failed because of the errors reported above. The netlist might not have been generated at all, or the generated netlist could be corrupt. Fix the reported errors and regenerate the netlist.
      ...unsuccessful.

*Error*   Error ID  = 5012
*Error*   Error Msg = Failed to create netlist.









*Info*    Run start for Point ID (0 1) on testbench [
          EXERCISE1:S7_BLOCK_TB:1:1 ].

Resetting statistical vars

*Info*    Setting parameter values ...

Setting var FREQ1 = "0"
Setting var FREQ2 = "0"
Setting var IN_AC = "1"
Setting var IN_AM1 = "0"
Setting var IN_AM2 = "0"
Setting var IPULSE = "0"
Setting var VD = "1.8"
Setting var VD_AC = "0"
Setting var VD_PULSE = "-1.8"
Setting temp(T) = 27

*Info*    Netlist Directory =
          /home/saul/Sim/EXERCISE1/S7_BLOCK_TB/adexl/results/data/Interactive.44/1/EXERCISE1:S7_BLOCK_TB:1:1/netlist


*Info*    Data Directory    =
          /home/saul/Sim/EXERCISE1/S7_BLOCK_TB/adexl/results/data/Interactive.44/1/EXERCISE1:S7_BLOCK_TB:1:1


*Info*    Creating Netlist for Point ID (0 1)

generate netlist...
function ansCdlCompPrim redefined
function ansCdlCompPrim redefined
Begin Incremental Netlisting Jan 14 23:44:31 2020
ERROR (OSSHNL-109): The cellview 'EXERCISE1/S7_BLOCK/schematic' has been modified since the last extraction. Validate
that the schematic is correct and run Check and Save to correct this error.

End netlisting Jan 14 23:44:31 2020
ERROR (OSSHNL-514): Netlist generation failed because of the errors reported above. The netlist might not have been generated at all, or the generated netlist could be corrupt. Fix the reported errors and regenerate the netlist.
      ...unsuccessful.

*Error*   Error ID  = 5012
*Error*   Error Msg = Failed to create netlist.




Simulation design variables differ from those on the cellView,
they have been saved in the file "/tmp/saved-design-variables".
To save future changes, copy variables to cellView before exiting.
