*Info*    Exporting services from client ... 

*Info*    Client has finished starting ... 



*Info*    Configuring the session ...

	Library      = EXERCISE1
	Cell         = S5_STATIC_LIN
	View         = schematic
	Netlist  	  = nil
	Simulator    = spectre
	State Path   = $AXL_SETUPDB_DIR/test_states
	State Name   = EXERCISE1:S5_STATIC_LIN:1_EXERCISE1:S5_STATIC_LIN:1_Jan_15_13_55_07_2020_Ocean.24
	Results DB   = /home/saul/projects/test_xfab1/EXERCISE1/S5_STATIC_LIN/adexl/results/data/Ocean.24.rdb
	Setup DB loc = /home/saul/projects/test_xfab1/EXERCISE1/S5_STATIC_LIN/adexl


variable oasisVariableValue redefined
variable persistNewList redefined

*Info*    The auto suspension is disabled.






*Info*    Run start for Point ID (0 1) on testbench [
          EXERCISE1:S5_STATIC_LIN:1 ].

Resetting statistical vars

*Info*    Setting parameter values ...

Setting var IS = "1"
Setting var IS_DC = "0"
Setting var R1 = "100000"
Setting var R2 = "400"
Setting temp(T) = 27

*Info*    Netlist Directory =
          /home/saul/Sim/EXERCISE1/S5_STATIC_LIN/adexl/results/data/Ocean.24/1/EXERCISE1:S5_STATIC_LIN:1/netlist


*Info*    Data Directory    =
          /home/saul/Sim/EXERCISE1/S5_STATIC_LIN/adexl/results/data/Ocean.24/1/EXERCISE1:S5_STATIC_LIN:1


*Info*    Creating Netlist for Point ID (0 1)

generate netlist...
function ansCdlCompPrim redefined
function ansCdlCompPrim redefined
Begin Incremental Netlisting Jan 15 13:55:12 2020
WARNING (OSSHNL-160): The primitive, 'PRIMLIB/nel/spectre', was not used in the last netlisting session in this
current run directory. Therefore, re-netlisting all cell views where this
primitive is instantiated.

WARNING (OSSHNL-160): The primitive, 'PRIMLIB/pel/spectre', was not used in the last netlisting session in this
current run directory. Therefore, re-netlisting all cell views where this
primitive is instantiated.

End netlisting Jan 15 13:55:12 2020

Netlisting Statistics:
	Number of components:   24

	Elapsed time:          0.0s
Errors: 0	Warnings: 0
      ...successful.
compose simulator input file...
      ...successful.

*Info*    Running simulation on testbench [ EXERCISE1:S5_STATIC_LIN:1
          ] for Point ID (0 1).

Delete psf data in /home/saul/Sim/EXERCISE1/S5_STATIC_LIN/adexl/results/data/Ocean.24/1/EXERCISE1:S5_STATIC_LIN:1/psf.
simulate...
INFO (ADE-3071): Simulation completed successfully.
reading simulation data...
      ...successful.
*Info*    Client has finished evaluating ... 


*Info*    Run complete for Point ID (0 1) on testbench [
          EXERCISE1:S5_STATIC_LIN:1 ].





